<?xml version="1.0" encoding="UTF-8"?>
<testng-results skipped="0" failed="0" total="1" passed="1">
  <reporter-output>
    <line>
      <![CDATA[Setting up the reports and tests started]]>
    </line>
    <line>
      <![CDATA[Settings done - Tests can be started]]>
    </line>
    <line>
      <![CDATA[Trying to start the Browser and getting application ready]]>
    </line>
    <line>
      <![CDATA[Browser and application is up and running]]>
    </line>
  </reporter-output>
  <suite name="Suite" duration-ms="51212" started-at="2020-10-20T12:51:53Z" finished-at="2020-10-20T12:52:45Z">
    <groups>
    </groups>
    <test name="ChromeTest" duration-ms="51212" started-at="2020-10-20T12:51:53Z" finished-at="2020-10-20T12:52:45Z">
      <class name="com.tests.RegistrationTest">
        <test-method status="PASS" signature="setupSuite()[pri:0, instance:com.tests.RegistrationTest@5e3a8624]" name="setupSuite" is-config="true" duration-ms="1196" started-at="2020-10-20T18:21:52Z" finished-at="2020-10-20T18:21:53Z">
          <reporter-output>
            <line>
              <![CDATA[Setting up the reports and tests started]]>
            </line>
            <line>
              <![CDATA[Settings done - Tests can be started]]>
            </line>
          </reporter-output>
        </test-method> <!-- setupSuite -->
        <test-method status="PASS" signature="setup(java.lang.String)[pri:0, instance:com.tests.RegistrationTest@5e3a8624]" name="setup" is-config="true" duration-ms="42755" started-at="2020-10-20T18:21:53Z" finished-at="2020-10-20T18:22:36Z">
          <params>
            <param index="0">
              <value>
                <![CDATA[chrome]]>
              </value>
            </param>
          </params>
          <reporter-output>
            <line>
              <![CDATA[Trying to start the Browser and getting application ready]]>
            </line>
            <line>
              <![CDATA[Browser and application is up and running]]>
            </line>
          </reporter-output>
        </test-method> <!-- setup -->
        <test-method status="PASS" signature="registration()[pri:0, instance:com.tests.RegistrationTest@5e3a8624]" name="registration" duration-ms="7248" started-at="2020-10-20T18:22:36Z" finished-at="2020-10-20T18:22:43Z">
          <reporter-output>
          </reporter-output>
        </test-method> <!-- registration -->
        <test-method status="PASS" signature="tearDown()[pri:0, instance:com.tests.RegistrationTest@5e3a8624]" name="tearDown" is-config="true" duration-ms="1184" started-at="2020-10-20T18:22:43Z" finished-at="2020-10-20T18:22:45Z">
          <reporter-output>
          </reporter-output>
        </test-method> <!-- tearDown -->
      </class> <!-- com.tests.RegistrationTest -->
    </test> <!-- ChromeTest -->
  </suite> <!-- Suite -->
</testng-results>
